<?xml version="1.0" encoding="UTF-8"?>
<!-- Generated by org.testng.reporters.JUnitReportReporter -->
<testsuite skipped="0" hostname="LAPTOP-JIMJKHQD" name="pack.Runner.WomenShopRunner" tests="2" failures="0" timestamp="25 May 2020 19:50:16 GMT" time="51.055" errors="0">
  <testcase name="feature" time="16.959" classname="pack.Runner.WomenShopRunner"/>
  <testcase name="feature" time="34.096" classname="pack.Runner.WomenShopRunner"/>
</testsuite> <!-- pack.Runner.WomenShopRunner -->
