<?xml version="1.0" encoding="UTF-8"?>
<!-- Generated by org.testng.reporters.JUnitReportReporter -->
<testsuite skipped="0" hostname="LAPTOP-JIMJKHQD" name="pack.Runner.KidsCatagoryRunner" tests="3" failures="0" timestamp="26 May 2020 01:11:46 GMT" time="79.550" errors="0">
  <testcase name="feature" time="15.480" classname="pack.Runner.KidsCatagoryRunner"/>
  <testcase name="feature" time="35.745" classname="pack.Runner.KidsCatagoryRunner"/>
  <testcase name="feature" time="28.325" classname="pack.Runner.KidsCatagoryRunner"/>
</testsuite> <!-- pack.Runner.KidsCatagoryRunner -->
